<?xml version="1.0" encoding="UTF-8"?>
<testsuite name="censusanalyser.CensusAnalyserTest" tests="1" skipped="0" failures="0" errors="0" timestamp="2020-10-22T09:44:54" hostname="DESKTOP-25DPEJS" time="17.372">
  <properties/>
  <testcase name="givenIndianStateCodeCSVFile_ShouldReturnsExactCount" classname="censusanalyser.CensusAnalyserTest" time="17.372"/>
  <system-out><![CDATA[]]></system-out>
  <system-err><![CDATA[]]></system-err>
</testsuite>
