<?xml version="1.0" encoding="UTF-8"?>
<testsuite name="censusanalyser.CensusAnalyserTest" tests="1" skipped="1" failures="0" errors="0" timestamp="2020-10-24T04:39:51" hostname="DESKTOP-25DPEJS" time="127.434">
  <properties/>
  <testcase name="givenIndianStateCodeCSVFile_ShouldReturnsExactCount" classname="censusanalyser.CensusAnalyserTest" time="127.434">
    <skipped/>
  </testcase>
  <system-out><![CDATA[]]></system-out>
  <system-err><![CDATA[]]></system-err>
</testsuite>
